Arguments: 
  /Users/davidnovak/.nvm/versions/node/v19.0.1/bin/node /Users/davidnovak/.yarn/releases/yarn-1.22.19.cjs turbo:lint

PATH: 
  /opt/homebrew/bin:/opt/homebrew/sbin:/usr/local/bin:/System/Cryptexes/App/usr/bin:/usr/bin:/bin:/usr/sbin:/sbin:~/.dotnet/tools:/Library/Apple/usr/bin:/Library/Frameworks/Mono.framework/Versions/Current/Commands:/opt/homebrew/opt/postgresql@13/bin:/Users/davidnovak/Library/Java/JavaVirtualMachines/openjdk-17.0.1/Contents/Home/bin:/Users/davidnovak/.bun/bin:/Users/davidnovak/Library/pnpm:/Users/davidnovak/.nvm/versions/node/v19.0.1/bin:/Users/davidnovak/Library/Android/sdk/tools/bin:/Users/davidnovak/Library/Android/sdk/tools:/Users/davidnovak/Library/Android/sdk/platform-tools:/Users/davidnovak/.cargo/bin:/Users/davidnovak/workspace/work/vexl/vexl-next/node_modules/.bin:/Users/davidnovak/Library/Application Support/JetBrains/Toolbox/scripts

Yarn version: 
  1.22.19

Node version: 
  19.0.1

Platform: 
  darwin arm64

Trace: 
  SyntaxError: /Users/davidnovak/workspace/work/vexl/vexl-next/package.json: Expected ',' or '}' after property value in JSON at position 246
      at JSON.parse (<anonymous>)
      at /Users/davidnovak/.yarn/releases/yarn-1.22.19.cjs:1104:57
      at Generator.next (<anonymous>)
      at step (/Users/davidnovak/.yarn/releases/yarn-1.22.19.cjs:310:30)
      at /Users/davidnovak/.yarn/releases/yarn-1.22.19.cjs:321:13

npm manifest: 
  {
    "name": "@vexl-next/rest-api",
    "packageManager": "yarn@3.3.1",
    "main": "dist/index.js",
    "type": "module",
    "scripts": {
      "test": "yarn jest",
      "test:watch": "yarn jest --watch",
      "build": "yarn tsc",
      "build-watch": "yarn tsc --watch",
      "clean": "rm -rf dist tsconfig.tsbuildinfo",
      "lint": "eslint src --ext .js,.jsx,.ts,.tsx"
    },
    "devDependencies": {
      "@vexl-next/eslint-config": "workspace:*",
      "@vexl-next/ts-config": "workspace:*",
      "eslint": "^8.33.0",
      "jest": "^29.4.1",
      "prettier": "^2.8.3",
      "ts-jest": "^29.0.5",
      "ts-node": "^10.9.1",
      "typescript": "^4.9.4"
    },
    "dependencies": {
      "@vexl-next/cryptography": "workspace:*",
      "@vexl-next/domain": "workspace:*",
      "axios": "^1.3.3",
      "url-join": "^5.0.0",
      "zod": "^3.20.6"
    }
  }

yarn manifest: 
  No manifest

Lockfile: 
  No lockfile
